android/app/build/intermediates/manifest_merge_blame_file/debug/manifest-merger-blame-debug-report.txt
1<?xml version="1.0" encoding="utf-8"?>
2<manifest xmlns:android="http://schemas.android.com/apk/res/android"
3    package="com.appc.convention"
4    android:versionCode="1"
5    android:versionName="1.0.0" >
6
7    <uses-sdk
8        android:minSdkVersion="21"
9        android:targetSdkVersion="33" />
10
11    <uses-permission android:name="android.permission.SYSTEM_ALERT_WINDOW" />
11-->src/main/AndroidManifest.xml:5:3-75
11-->src/main/AndroidManifest.xml:5:20-73
12    <uses-permission android:name="android.permission.INTERNET" />
12-->src/main/AndroidManifest.xml:2:3-64
12-->src/main/AndroidManifest.xml:2:20-62
13    <uses-permission android:name="android.permission.READ_EXTERNAL_STORAGE" />
13-->src/main/AndroidManifest.xml:3:3-77
13-->src/main/AndroidManifest.xml:3:20-75
14    <uses-permission android:name="android.permission.RECORD_AUDIO" />
14-->src/main/AndroidManifest.xml:4:3-68
14-->src/main/AndroidManifest.xml:4:20-66
15    <uses-permission android:name="android.permission.VIBRATE" />
15-->src/main/AndroidManifest.xml:6:3-63
15-->src/main/AndroidManifest.xml:6:20-61
16    <uses-permission android:name="android.permission.WRITE_EXTERNAL_STORAGE" />
16-->src/main/AndroidManifest.xml:7:3-78
16-->src/main/AndroidManifest.xml:7:20-76
17
18    <queries>
18-->src/main/AndroidManifest.xml:8:3-14:13
19        <intent>
19-->src/main/AndroidManifest.xml:9:5-13:14
20            <action android:name="android.intent.action.VIEW" />
20-->src/main/AndroidManifest.xml:10:7-58
20-->src/main/AndroidManifest.xml:10:15-56
21
22            <category android:name="android.intent.category.BROWSABLE" />
22-->src/main/AndroidManifest.xml:11:7-67
22-->src/main/AndroidManifest.xml:11:17-65
23
24            <data android:scheme="https" />
24-->src/main/AndroidManifest.xml:12:7-37
24-->src/main/AndroidManifest.xml:12:13-35
25        </intent>
26        <!-- Query open documents -->
27        <intent>
27-->[:expo-file-system] AndroidManifest.xml:15:9-17:18
28            <action android:name="android.intent.action.OPEN_DOCUMENT_TREE" />
28-->[:expo-file-system] AndroidManifest.xml:16:13-79
28-->[:expo-file-system] AndroidManifest.xml:16:21-76
29        </intent>
30        <intent>
30-->[:expo-image-picker] AndroidManifest.xml:16:9-20:18
31
32            <!-- Required for picking images from the camera roll if targeting API 30 -->
33            <action android:name="android.media.action.IMAGE_CAPTURE" />
33-->[:expo-image-picker] AndroidManifest.xml:19:13-73
33-->[:expo-image-picker] AndroidManifest.xml:19:21-70
34        </intent>
35        <intent>
35-->[:expo-image-picker] AndroidManifest.xml:21:9-25:18
36
37            <!-- Required for picking images from the camera if targeting API 30 -->
38            <action android:name="android.media.action.ACTION_VIDEO_CAPTURE" />
38-->[:expo-image-picker] AndroidManifest.xml:24:13-80
38-->[:expo-image-picker] AndroidManifest.xml:24:21-77
39        </intent>
40        <intent>
40-->[com.github.CanHub:Android-Image-Cropper:4.3.0] AndroidManifest.xml:10:9-16:18
41            <action android:name="android.intent.action.GET_CONTENT" />
41-->[com.github.CanHub:Android-Image-Cropper:4.3.0] AndroidManifest.xml:11:13-72
41-->[com.github.CanHub:Android-Image-Cropper:4.3.0] AndroidManifest.xml:11:21-69
42
43            <category android:name="android.intent.category.OPENABLE" />
43-->[com.github.CanHub:Android-Image-Cropper:4.3.0] AndroidManifest.xml:13:13-73
43-->[com.github.CanHub:Android-Image-Cropper:4.3.0] AndroidManifest.xml:13:23-70
44
45            <data android:mimeType="*/*" />
45-->src/main/AndroidManifest.xml:12:7-37
46        </intent>
47    </queries>
48
49    <uses-permission android:name="android.permission.ACCESS_WIFI_STATE" /> <!-- Required for picking images from camera directly -->
49-->[com.facebook.flipper:flipper:0.125.0] AndroidManifest.xml:16:5-76
49-->[com.facebook.flipper:flipper:0.125.0] AndroidManifest.xml:16:22-73
50    <uses-permission android:name="android.permission.CAMERA" />
50-->[:expo-image-picker] AndroidManifest.xml:7:5-65
50-->[:expo-image-picker] AndroidManifest.xml:7:22-62
51    <uses-permission android:name="android.permission.READ_MEDIA_IMAGES" />
51-->[:expo-image-picker] AndroidManifest.xml:12:5-76
51-->[:expo-image-picker] AndroidManifest.xml:12:22-73
52    <uses-permission android:name="android.permission.READ_MEDIA_VIDEO" />
52-->[:expo-image-picker] AndroidManifest.xml:13:5-75
52-->[:expo-image-picker] AndroidManifest.xml:13:22-72
53    <uses-permission android:name="android.permission.RECEIVE_BOOT_COMPLETED" />
53-->[:expo-notifications] AndroidManifest.xml:7:5-81
53-->[:expo-notifications] AndroidManifest.xml:7:22-78
54    <uses-permission android:name="android.permission.POST_NOTIFICATIONS" />
54-->[:expo-notifications] AndroidManifest.xml:8:5-77
54-->[:expo-notifications] AndroidManifest.xml:8:22-74
55    <uses-permission android:name="android.permission.ACCESS_NETWORK_STATE" />
55-->[com.google.firebase:firebase-messaging:22.0.0] AndroidManifest.xml:22:5-79
55-->[com.google.firebase:firebase-messaging:22.0.0] AndroidManifest.xml:22:22-76
56    <uses-permission android:name="android.permission.WAKE_LOCK" /> <!-- Required by older versions of Google Play services to create IID tokens -->
56-->[com.google.firebase:firebase-messaging:22.0.0] AndroidManifest.xml:23:5-68
56-->[com.google.firebase:firebase-messaging:22.0.0] AndroidManifest.xml:23:22-65
57    <uses-permission android:name="com.google.android.c2dm.permission.RECEIVE" />
57-->[com.google.firebase:firebase-messaging:22.0.0] AndroidManifest.xml:25:5-82
57-->[com.google.firebase:firebase-messaging:22.0.0] AndroidManifest.xml:25:22-79
58    <uses-permission android:name="com.google.android.finsky.permission.BIND_GET_INSTALL_REFERRER_SERVICE" /> <!-- for android -->
58-->[com.android.installreferrer:installreferrer:1.0] AndroidManifest.xml:9:5-110
58-->[com.android.installreferrer:installreferrer:1.0] AndroidManifest.xml:9:22-107
59    <!-- <uses-permission android:name="com.android.launcher.permission.READ_SETTINGS"/> -->
60    <!-- <uses-permission android:name="com.android.launcher.permission.WRITE_SETTINGS"/> -->
61    <!-- <uses-permission android:name="com.android.launcher.permission.INSTALL_SHORTCUT" /> -->
62    <!-- <uses-permission android:name="com.android.launcher.permission.UNINSTALL_SHORTCUT" /> -->
63    <!-- for Samsung -->
64    <uses-permission android:name="com.sec.android.provider.badge.permission.READ" />
64-->[me.leolin:ShortcutBadger:1.1.22] AndroidManifest.xml:19:5-86
64-->[me.leolin:ShortcutBadger:1.1.22] AndroidManifest.xml:19:22-83
65    <uses-permission android:name="com.sec.android.provider.badge.permission.WRITE" /> <!-- for htc -->
65-->[me.leolin:ShortcutBadger:1.1.22] AndroidManifest.xml:20:5-87
65-->[me.leolin:ShortcutBadger:1.1.22] AndroidManifest.xml:20:22-84
66    <uses-permission android:name="com.htc.launcher.permission.READ_SETTINGS" />
66-->[me.leolin:ShortcutBadger:1.1.22] AndroidManifest.xml:23:5-81
66-->[me.leolin:ShortcutBadger:1.1.22] AndroidManifest.xml:23:22-78
67    <uses-permission android:name="com.htc.launcher.permission.UPDATE_SHORTCUT" /> <!-- for sony -->
67-->[me.leolin:ShortcutBadger:1.1.22] AndroidManifest.xml:24:5-83
67-->[me.leolin:ShortcutBadger:1.1.22] AndroidManifest.xml:24:22-80
68    <uses-permission android:name="com.sonyericsson.home.permission.BROADCAST_BADGE" />
68-->[me.leolin:ShortcutBadger:1.1.22] AndroidManifest.xml:27:5-88
68-->[me.leolin:ShortcutBadger:1.1.22] AndroidManifest.xml:27:22-85
69    <uses-permission android:name="com.sonymobile.home.permission.PROVIDER_INSERT_BADGE" /> <!-- for apex -->
69-->[me.leolin:ShortcutBadger:1.1.22] AndroidManifest.xml:28:5-92
69-->[me.leolin:ShortcutBadger:1.1.22] AndroidManifest.xml:28:22-89
70    <uses-permission android:name="com.anddoes.launcher.permission.UPDATE_COUNT" /> <!-- for solid -->
70-->[me.leolin:ShortcutBadger:1.1.22] AndroidManifest.xml:31:5-84
70-->[me.leolin:ShortcutBadger:1.1.22] AndroidManifest.xml:31:22-81
71    <uses-permission android:name="com.majeur.launcher.permission.UPDATE_BADGE" /> <!-- for huawei -->
71-->[me.leolin:ShortcutBadger:1.1.22] AndroidManifest.xml:34:5-83
71-->[me.leolin:ShortcutBadger:1.1.22] AndroidManifest.xml:34:22-80
72    <uses-permission android:name="com.huawei.android.launcher.permission.CHANGE_BADGE" />
72-->[me.leolin:ShortcutBadger:1.1.22] AndroidManifest.xml:37:5-91
72-->[me.leolin:ShortcutBadger:1.1.22] AndroidManifest.xml:37:22-88
73    <uses-permission android:name="com.huawei.android.launcher.permission.READ_SETTINGS" />
73-->[me.leolin:ShortcutBadger:1.1.22] AndroidManifest.xml:38:5-92
73-->[me.leolin:ShortcutBadger:1.1.22] AndroidManifest.xml:38:22-89
74    <uses-permission android:name="com.huawei.android.launcher.permission.WRITE_SETTINGS" /> <!-- for ZUK -->
74-->[me.leolin:ShortcutBadger:1.1.22] AndroidManifest.xml:39:5-93
74-->[me.leolin:ShortcutBadger:1.1.22] AndroidManifest.xml:39:22-90
75    <uses-permission android:name="android.permission.READ_APP_BADGE" /> <!-- for OPPO -->
75-->[me.leolin:ShortcutBadger:1.1.22] AndroidManifest.xml:42:5-73
75-->[me.leolin:ShortcutBadger:1.1.22] AndroidManifest.xml:42:22-70
76    <uses-permission android:name="com.oppo.launcher.permission.READ_SETTINGS" />
76-->[me.leolin:ShortcutBadger:1.1.22] AndroidManifest.xml:45:5-82
76-->[me.leolin:ShortcutBadger:1.1.22] AndroidManifest.xml:45:22-79
77    <uses-permission android:name="com.oppo.launcher.permission.WRITE_SETTINGS" /> <!-- for EvMe -->
77-->[me.leolin:ShortcutBadger:1.1.22] AndroidManifest.xml:46:5-83
77-->[me.leolin:ShortcutBadger:1.1.22] AndroidManifest.xml:46:22-80
78    <uses-permission android:name="me.everything.badger.permission.BADGE_COUNT_READ" />
78-->[me.leolin:ShortcutBadger:1.1.22] AndroidManifest.xml:49:5-88
78-->[me.leolin:ShortcutBadger:1.1.22] AndroidManifest.xml:49:22-85
79    <uses-permission android:name="me.everything.badger.permission.BADGE_COUNT_WRITE" />
79-->[me.leolin:ShortcutBadger:1.1.22] AndroidManifest.xml:50:5-89
79-->[me.leolin:ShortcutBadger:1.1.22] AndroidManifest.xml:50:22-86
80
81    <application
81-->src/main/AndroidManifest.xml:15:3-36:17
82        android:name="com.convention.MainApplication"
82-->src/main/AndroidManifest.xml:15:16-47
83        android:allowBackup="true"
83-->src/main/AndroidManifest.xml:15:162-188
84        android:appComponentFactory="androidx.core.app.CoreComponentFactory"
84-->[androidx.core:core:1.7.0] AndroidManifest.xml:24:18-86
85        android:debuggable="true"
86        android:icon="@mipmap/ic_launcher"
86-->src/main/AndroidManifest.xml:15:81-115
87        android:label="@string/app_name"
87-->src/main/AndroidManifest.xml:15:48-80
88        android:roundIcon="@mipmap/ic_launcher_round"
88-->src/main/AndroidManifest.xml:15:116-161
89        android:theme="@style/AppTheme"
89-->src/main/AndroidManifest.xml:15:189-220
90        android:usesCleartextTraffic="true" >
90-->src/main/AndroidManifest.xml:15:221-256
91        <meta-data
91-->src/main/AndroidManifest.xml:16:5-136
92            android:name="expo.modules.notifications.default_notification_color"
92-->src/main/AndroidManifest.xml:16:16-84
93            android:resource="@color/notification_icon_color" />
93-->src/main/AndroidManifest.xml:16:85-134
94        <meta-data
94-->src/main/AndroidManifest.xml:17:5-132
95            android:name="expo.modules.notifications.default_notification_icon"
95-->src/main/AndroidManifest.xml:17:16-83
96            android:resource="@drawable/notification_icon" />
96-->src/main/AndroidManifest.xml:17:84-130
97        <meta-data
97-->src/main/AndroidManifest.xml:18:5-82
98            android:name="expo.modules.updates.ENABLED"
98-->src/main/AndroidManifest.xml:18:16-59
99            android:value="true" />
99-->src/main/AndroidManifest.xml:18:60-80
100        <meta-data
100-->src/main/AndroidManifest.xml:19:5-93
101            android:name="expo.modules.updates.EXPO_SDK_VERSION"
101-->src/main/AndroidManifest.xml:19:16-68
102            android:value="48.0.0" />
102-->src/main/AndroidManifest.xml:19:69-91
103        <meta-data
103-->src/main/AndroidManifest.xml:20:5-105
104            android:name="expo.modules.updates.EXPO_UPDATES_CHECK_ON_LAUNCH"
104-->src/main/AndroidManifest.xml:20:16-80
105            android:value="ALWAYS" />
105-->src/main/AndroidManifest.xml:20:81-103
106        <meta-data
106-->src/main/AndroidManifest.xml:21:5-99
107            android:name="expo.modules.updates.EXPO_UPDATES_LAUNCH_WAIT_MS"
107-->src/main/AndroidManifest.xml:21:16-79
108            android:value="0" />
108-->src/main/AndroidManifest.xml:21:80-97
109        <meta-data
109-->src/main/AndroidManifest.xml:22:5-120
110            android:name="expo.modules.updates.EXPO_UPDATE_URL"
110-->src/main/AndroidManifest.xml:22:16-67
111            android:value="https://exp.host/@app-c/convention" />
111-->src/main/AndroidManifest.xml:22:68-118
112
113        <activity
113-->src/main/AndroidManifest.xml:23:5-34:16
114            android:name="com.convention.MainActivity"
114-->src/main/AndroidManifest.xml:23:15-43
115            android:configChanges="keyboard|keyboardHidden|orientation|screenSize|uiMode"
115-->src/main/AndroidManifest.xml:23:77-154
116            android:exported="true"
116-->src/main/AndroidManifest.xml:23:276-299
117            android:label="@string/app_name"
117-->src/main/AndroidManifest.xml:23:44-76
118            android:launchMode="singleTask"
118-->src/main/AndroidManifest.xml:23:155-186
119            android:screenOrientation="portrait"
119-->src/main/AndroidManifest.xml:23:300-336
120            android:theme="@style/Theme.App.SplashScreen"
120-->src/main/AndroidManifest.xml:23:230-275
121            android:windowSoftInputMode="adjustResize" >
121-->src/main/AndroidManifest.xml:23:187-229
122            <intent-filter>
122-->src/main/AndroidManifest.xml:24:7-27:23
123                <action android:name="android.intent.action.MAIN" />
123-->src/main/AndroidManifest.xml:25:9-60
123-->src/main/AndroidManifest.xml:25:17-58
124
125                <category android:name="android.intent.category.LAUNCHER" />
125-->src/main/AndroidManifest.xml:26:9-68
125-->src/main/AndroidManifest.xml:26:19-66
126            </intent-filter>
127            <intent-filter>
127-->src/main/AndroidManifest.xml:28:7-33:23
128                <action android:name="android.intent.action.VIEW" />
128-->src/main/AndroidManifest.xml:10:7-58
128-->src/main/AndroidManifest.xml:10:15-56
129
130                <category android:name="android.intent.category.DEFAULT" />
130-->src/main/AndroidManifest.xml:30:9-67
130-->src/main/AndroidManifest.xml:30:19-65
131                <category android:name="android.intent.category.BROWSABLE" />
131-->src/main/AndroidManifest.xml:11:7-67
131-->src/main/AndroidManifest.xml:11:17-65
132
133                <data android:scheme="com.appc.convention" />
133-->src/main/AndroidManifest.xml:12:7-37
133-->src/main/AndroidManifest.xml:12:13-35
134            </intent-filter>
135        </activity>
136        <activity
136-->src/main/AndroidManifest.xml:35:5-106
137            android:name="com.facebook.react.devsupport.DevSettingsActivity"
137-->src/main/AndroidManifest.xml:35:15-79
138            android:exported="false" />
138-->src/main/AndroidManifest.xml:35:80-104
139
140        <provider
140-->[:expo-file-system] AndroidManifest.xml:21:9-30:20
141            android:name="expo.modules.filesystem.FileSystemFileProvider"
141-->[:expo-file-system] AndroidManifest.xml:22:13-74
142            android:authorities="com.appc.convention.FileSystemFileProvider"
142-->[:expo-file-system] AndroidManifest.xml:23:13-74
143            android:exported="false"
143-->[:expo-file-system] AndroidManifest.xml:24:13-37
144            android:grantUriPermissions="true" >
144-->[:expo-file-system] AndroidManifest.xml:25:13-47
145            <meta-data
145-->[:expo-file-system] AndroidManifest.xml:27:13-29:70
146                android:name="android.support.FILE_PROVIDER_PATHS"
146-->[:expo-file-system] AndroidManifest.xml:28:17-67
147                android:resource="@xml/file_system_provider_paths" />
147-->[:expo-file-system] AndroidManifest.xml:29:17-67
148        </provider>
149
150        <activity
150-->[:expo-image-picker] AndroidManifest.xml:29:9-31:59
151            android:name="com.canhub.cropper.CropImageActivity"
151-->[:expo-image-picker] AndroidManifest.xml:30:13-64
152            android:exported="true"
152-->[com.github.CanHub:Android-Image-Cropper:4.3.0] AndroidManifest.xml:35:13-36
153            android:theme="@style/Base.Theme.AppCompat" /> <!-- https://developer.android.com/guide/topics/manifest/provider-element.html -->
153-->[:expo-image-picker] AndroidManifest.xml:31:13-56
154        <provider
154-->[:expo-image-picker] AndroidManifest.xml:33:9-41:20
155            android:name="expo.modules.imagepicker.fileprovider.ImagePickerFileProvider"
155-->[:expo-image-picker] AndroidManifest.xml:34:13-89
156            android:authorities="com.appc.convention.ImagePickerFileProvider"
156-->[:expo-image-picker] AndroidManifest.xml:35:13-75
157            android:exported="false"
157-->[:expo-image-picker] AndroidManifest.xml:36:13-37
158            android:grantUriPermissions="true" >
158-->[:expo-image-picker] AndroidManifest.xml:37:13-47
159            <meta-data
159-->[:expo-file-system] AndroidManifest.xml:27:13-29:70
160                android:name="android.support.FILE_PROVIDER_PATHS"
160-->[:expo-file-system] AndroidManifest.xml:28:17-67
161                android:resource="@xml/image_picker_provider_paths" />
161-->[:expo-file-system] AndroidManifest.xml:29:17-67
162        </provider>
163
164        <service
164-->[:expo-notifications] AndroidManifest.xml:11:9-17:19
165            android:name="expo.modules.notifications.service.ExpoFirebaseMessagingService"
165-->[:expo-notifications] AndroidManifest.xml:12:13-91
166            android:exported="false" >
166-->[:expo-notifications] AndroidManifest.xml:13:13-37
167            <intent-filter android:priority="-1" >
167-->[:expo-notifications] AndroidManifest.xml:14:13-16:29
167-->[:expo-notifications] AndroidManifest.xml:14:28-49
168                <action android:name="com.google.firebase.MESSAGING_EVENT" />
168-->[:expo-notifications] AndroidManifest.xml:15:17-78
168-->[:expo-notifications] AndroidManifest.xml:15:25-75
169            </intent-filter>
170        </service>
171
172        <receiver
172-->[:expo-notifications] AndroidManifest.xml:19:9-31:20
173            android:name="expo.modules.notifications.service.NotificationsService"
173-->[:expo-notifications] AndroidManifest.xml:20:13-83
174            android:enabled="true"
174-->[:expo-notifications] AndroidManifest.xml:21:13-35
175            android:exported="false" >
175-->[:expo-notifications] AndroidManifest.xml:22:13-37
176            <intent-filter android:priority="-1" >
176-->[:expo-notifications] AndroidManifest.xml:23:13-30:29
176-->[:expo-notifications] AndroidManifest.xml:23:28-49
177                <action android:name="expo.modules.notifications.NOTIFICATION_EVENT" />
177-->[:expo-notifications] AndroidManifest.xml:24:17-88
177-->[:expo-notifications] AndroidManifest.xml:24:25-85
178                <action android:name="android.intent.action.BOOT_COMPLETED" />
178-->[:expo-notifications] AndroidManifest.xml:25:17-79
178-->[:expo-notifications] AndroidManifest.xml:25:25-76
179                <action android:name="android.intent.action.REBOOT" />
179-->[:expo-notifications] AndroidManifest.xml:26:17-71
179-->[:expo-notifications] AndroidManifest.xml:26:25-68
180                <action android:name="android.intent.action.QUICKBOOT_POWERON" />
180-->[:expo-notifications] AndroidManifest.xml:27:17-82
180-->[:expo-notifications] AndroidManifest.xml:27:25-79
181                <action android:name="com.htc.intent.action.QUICKBOOT_POWERON" />
181-->[:expo-notifications] AndroidManifest.xml:28:17-82
181-->[:expo-notifications] AndroidManifest.xml:28:25-79
182                <action android:name="android.intent.action.MY_PACKAGE_REPLACED" />
182-->[:expo-notifications] AndroidManifest.xml:29:17-84
182-->[:expo-notifications] AndroidManifest.xml:29:25-81
183            </intent-filter>
184        </receiver>
185
186        <activity
186-->[:expo-notifications] AndroidManifest.xml:33:9-40:75
187            android:name="expo.modules.notifications.service.NotificationForwarderActivity"
187-->[:expo-notifications] AndroidManifest.xml:34:13-92
188            android:excludeFromRecents="true"
188-->[:expo-notifications] AndroidManifest.xml:35:13-46
189            android:exported="false"
189-->[:expo-notifications] AndroidManifest.xml:36:13-37
190            android:launchMode="standard"
190-->[:expo-notifications] AndroidManifest.xml:37:13-42
191            android:noHistory="true"
191-->[:expo-notifications] AndroidManifest.xml:38:13-37
192            android:taskAffinity=""
192-->[:expo-notifications] AndroidManifest.xml:39:13-36
193            android:theme="@android:style/Theme.Translucent.NoTitleBar" />
193-->[:expo-notifications] AndroidManifest.xml:40:13-72
194
195        <meta-data
195-->[:expo-modules-core] AndroidManifest.xml:8:9-10:89
196            android:name="org.unimodules.core.AppLoader#react-native-headless"
196-->[:expo-modules-core] AndroidManifest.xml:9:13-79
197            android:value="expo.modules.adapters.react.apploader.RNHeadlessAppLoader" />
197-->[:expo-modules-core] AndroidManifest.xml:10:13-86
198
199        <provider
199-->[com.github.CanHub:Android-Image-Cropper:4.3.0] AndroidManifest.xml:23:9-31:20
200            android:name="com.canhub.cropper.CropFileProvider"
200-->[com.github.CanHub:Android-Image-Cropper:4.3.0] AndroidManifest.xml:24:13-63
201            android:authorities="com.appc.convention.cropper.fileprovider"
201-->[com.github.CanHub:Android-Image-Cropper:4.3.0] AndroidManifest.xml:25:13-72
202            android:exported="false"
202-->[com.github.CanHub:Android-Image-Cropper:4.3.0] AndroidManifest.xml:26:13-37
203            android:grantUriPermissions="true" >
203-->[com.github.CanHub:Android-Image-Cropper:4.3.0] AndroidManifest.xml:27:13-47
204            <meta-data
204-->[:expo-file-system] AndroidManifest.xml:27:13-29:70
205                android:name="android.support.FILE_PROVIDER_PATHS"
205-->[:expo-file-system] AndroidManifest.xml:28:17-67
206                android:resource="@xml/library_file_paths" />
206-->[:expo-file-system] AndroidManifest.xml:29:17-67
207        </provider> <!-- This is here because the library did not update yet to Android 12 so we force the exported value when merging manifests -->
208        <activity
208-->[com.github.CanHub:Android-Image-Cropper:4.3.0] AndroidManifest.xml:38:9-45:20
209            android:name="androidx.test.core.app.InstrumentationActivityInvoker$BootstrapActivity"
209-->[com.github.CanHub:Android-Image-Cropper:4.3.0] AndroidManifest.xml:39:13-99
210            android:exported="true"
210-->[com.github.CanHub:Android-Image-Cropper:4.3.0] AndroidManifest.xml:40:13-36
211            android:theme="@android:style/Theme" >
211-->[com.github.CanHub:Android-Image-Cropper:4.3.0] AndroidManifest.xml:41:13-49
212            <intent-filter>
212-->[com.github.CanHub:Android-Image-Cropper:4.3.0] AndroidManifest.xml:42:13-44:29
213                <action android:name="android.intent.action.MAIN" />
213-->src/main/AndroidManifest.xml:25:9-60
213-->src/main/AndroidManifest.xml:25:17-58
214            </intent-filter>
215        </activity>
216        <activity
216-->[com.github.CanHub:Android-Image-Cropper:4.3.0] AndroidManifest.xml:46:9-53:20
217            android:name="androidx.test.core.app.InstrumentationActivityInvoker$EmptyActivity"
217-->[com.github.CanHub:Android-Image-Cropper:4.3.0] AndroidManifest.xml:47:13-95
218            android:exported="true"
218-->[com.github.CanHub:Android-Image-Cropper:4.3.0] AndroidManifest.xml:48:13-36
219            android:theme="@android:style/Theme" >
219-->[com.github.CanHub:Android-Image-Cropper:4.3.0] AndroidManifest.xml:49:13-49
220            <intent-filter>
220-->[com.github.CanHub:Android-Image-Cropper:4.3.0] AndroidManifest.xml:42:13-44:29
221                <action android:name="android.intent.action.MAIN" />
221-->src/main/AndroidManifest.xml:25:9-60
221-->src/main/AndroidManifest.xml:25:17-58
222            </intent-filter>
223        </activity>
224        <activity
224-->[com.github.CanHub:Android-Image-Cropper:4.3.0] AndroidManifest.xml:54:9-61:20
225            android:name="androidx.test.core.app.InstrumentationActivityInvoker$EmptyFloatingActivity"
225-->[com.github.CanHub:Android-Image-Cropper:4.3.0] AndroidManifest.xml:55:13-103
226            android:exported="true"
226-->[com.github.CanHub:Android-Image-Cropper:4.3.0] AndroidManifest.xml:56:13-36
227            android:theme="@android:style/Theme.Dialog" >
227-->[com.github.CanHub:Android-Image-Cropper:4.3.0] AndroidManifest.xml:57:13-56
228            <intent-filter>
228-->[com.github.CanHub:Android-Image-Cropper:4.3.0] AndroidManifest.xml:42:13-44:29
229                <action android:name="android.intent.action.MAIN" />
229-->src/main/AndroidManifest.xml:25:9-60
229-->src/main/AndroidManifest.xml:25:17-58
230            </intent-filter>
231        </activity>
232
233        <receiver
233-->[com.google.firebase:firebase-messaging:22.0.0] AndroidManifest.xml:28:9-35:20
234            android:name="com.google.firebase.iid.FirebaseInstanceIdReceiver"
234-->[com.google.firebase:firebase-messaging:22.0.0] AndroidManifest.xml:29:13-78
235            android:exported="true"
235-->[com.google.firebase:firebase-messaging:22.0.0] AndroidManifest.xml:30:13-36
236            android:permission="com.google.android.c2dm.permission.SEND" >
236-->[com.google.firebase:firebase-messaging:22.0.0] AndroidManifest.xml:31:13-73
237            <intent-filter>
237-->[com.google.firebase:firebase-messaging:22.0.0] AndroidManifest.xml:32:13-34:29
238                <action android:name="com.google.android.c2dm.intent.RECEIVE" />
238-->[com.google.firebase:firebase-messaging:22.0.0] AndroidManifest.xml:33:17-81
238-->[com.google.firebase:firebase-messaging:22.0.0] AndroidManifest.xml:33:25-78
239            </intent-filter>
240        </receiver>
241        <!--
242             FirebaseMessagingService performs security checks at runtime,
243             but set to not exported to explicitly avoid allowing another app to call it.
244        -->
245        <service
245-->[com.google.firebase:firebase-messaging:22.0.0] AndroidManifest.xml:41:9-48:19
246            android:name="com.google.firebase.messaging.FirebaseMessagingService"
246-->[com.google.firebase:firebase-messaging:22.0.0] AndroidManifest.xml:42:13-82
247            android:directBootAware="true"
247-->[com.google.firebase:firebase-messaging:22.0.0] AndroidManifest.xml:43:13-43
248            android:exported="false" >
248-->[com.google.firebase:firebase-messaging:22.0.0] AndroidManifest.xml:44:13-37
249            <intent-filter android:priority="-500" >
249-->[:expo-notifications] AndroidManifest.xml:14:13-16:29
249-->[:expo-notifications] AndroidManifest.xml:14:28-49
250                <action android:name="com.google.firebase.MESSAGING_EVENT" />
250-->[:expo-notifications] AndroidManifest.xml:15:17-78
250-->[:expo-notifications] AndroidManifest.xml:15:25-75
251            </intent-filter>
252        </service>
253        <service
253-->[com.google.firebase:firebase-messaging:22.0.0] AndroidManifest.xml:49:9-55:19
254            android:name="com.google.firebase.components.ComponentDiscoveryService"
254-->[com.google.firebase:firebase-messaging:22.0.0] AndroidManifest.xml:50:13-84
255            android:directBootAware="true"
255-->[com.google.firebase:firebase-common:20.0.0] AndroidManifest.xml:35:13-43
256            android:exported="false" >
256-->[com.google.firebase:firebase-messaging:22.0.0] AndroidManifest.xml:51:13-37
257            <meta-data
257-->[com.google.firebase:firebase-messaging:22.0.0] AndroidManifest.xml:52:13-54:85
258                android:name="com.google.firebase.components:com.google.firebase.messaging.FirebaseMessagingRegistrar"
258-->[com.google.firebase:firebase-messaging:22.0.0] AndroidManifest.xml:53:17-119
259                android:value="com.google.firebase.components.ComponentRegistrar" />
259-->[com.google.firebase:firebase-messaging:22.0.0] AndroidManifest.xml:54:17-82
260            <meta-data
260-->[com.google.firebase:firebase-datatransport:18.0.0] AndroidManifest.xml:28:13-30:85
261                android:name="com.google.firebase.components:com.google.firebase.datatransport.TransportRegistrar"
261-->[com.google.firebase:firebase-datatransport:18.0.0] AndroidManifest.xml:29:17-115
262                android:value="com.google.firebase.components.ComponentRegistrar" />
262-->[com.google.firebase:firebase-datatransport:18.0.0] AndroidManifest.xml:30:17-82
263            <meta-data
263-->[com.google.firebase:firebase-installations:17.0.0] AndroidManifest.xml:18:13-20:85
264                android:name="com.google.firebase.components:com.google.firebase.installations.FirebaseInstallationsRegistrar"
264-->[com.google.firebase:firebase-installations:17.0.0] AndroidManifest.xml:19:17-127
265                android:value="com.google.firebase.components.ComponentRegistrar" />
265-->[com.google.firebase:firebase-installations:17.0.0] AndroidManifest.xml:20:17-82
266        </service>
267
268        <provider
268-->[com.google.firebase:firebase-common:20.0.0] AndroidManifest.xml:26:9-31:39
269            android:name="com.google.firebase.provider.FirebaseInitProvider"
269-->[com.google.firebase:firebase-common:20.0.0] AndroidManifest.xml:27:13-77
270            android:authorities="com.appc.convention.firebaseinitprovider"
270-->[com.google.firebase:firebase-common:20.0.0] AndroidManifest.xml:28:13-72
271            android:directBootAware="true"